<?xml version="1.0" encoding="UTF-8"?><testsuite errors="1" failures="0" name="validation login user and password" skipped="0" tests="1" time="0.27" timestamp="2022-04-05 10:30:40"><testcase name="user and password ok"><error type="java.lang.NullPointerException"/><system-err>null&#13;
com.google.common.base.Preconditions.checkNotNull(Preconditions.java:882)&#13;
co.com.choucair.reto.stepdefinitions.co.com.choucair.reto.stepdefinitionslogin.thanThePedroEntersTheCorrectUsername(stepdefinitionslogin.java:21)&#13;
✽.than the Pedro enters the correct username(src/test/resources/features/co.com.choucair.login.feature:5)&#13;
</system-err></testcase></testsuite>